<?xml version="1.0" encoding="UTF-8"?>
<!-- Generated by org.testng.reporters.JUnitReportReporter -->
<testsuite hostname="DESKTOP-25A0HR5" failures="0" tests="1" name="com.TeqApp.testCases.TC_01_LoginTest" time="0.004" errors="0" timestamp="2021-12-27T16:34:14 BDT" skipped="0">
  <testcase classname="com.TeqApp.testCases.TC_01_LoginTest" name="loginTest" time="0.004"/>
  <system-out/>
</testsuite> <!-- com.TeqApp.testCases.TC_01_LoginTest -->
