<?xml version="1.0" encoding="UTF-8"?>
<!-- Generated by org.testng.reporters.JUnitReportReporter -->
<testsuite hostname="DESKTOP-25A0HR5" failures="0" tests="1" name="com.TeqApp.testCases.TC_01_TripsTest" time="60.042" errors="0" timestamp="2022-01-23T14:47:54 BDT" skipped="0">
  <testcase classname="com.TeqApp.testCases.TC_01_TripsTest" name="tripTest" time="60.042"/>
  <system-out/>
</testsuite> <!-- com.TeqApp.testCases.TC_01_TripsTest -->
